<?xml version="1.0" encoding="UTF-8"?>
<testng-results ignored="0" total="1" passed="1" failed="0" skipped="0">
  <reporter-output>
  </reporter-output>
  <suite started-at="2021-08-26T08:57:13 IST" name="Default suite" finished-at="2021-08-26T08:57:14 IST" duration-ms="597">
    <groups>
      <group name="cucumber">
        <method signature="AbstractTestNGCucumberTests.feature(cucumber.api.testng.CucumberFeatureWrapper)[pri:0, instance:RunnerFIle@4a7f959b]" name="feature" class="cucumber.api.testng.AbstractTestNGCucumberTests"/>
      </group> <!-- cucumber -->
    </groups>
    <test started-at="2021-08-26T08:57:13 IST" name="Default test" finished-at="2021-08-26T08:57:14 IST" duration-ms="597">
      <class name="RunnerFIle">
        <test-method is-config="true" signature="setUpClass()[pri:0, instance:RunnerFIle@4a7f959b]" started-at="2021-08-26T08:57:13 IST" name="setUpClass" finished-at="2021-08-26T08:57:14 IST" duration-ms="340" status="PASS">
          <reporter-output>
          </reporter-output>
        </test-method> <!-- setUpClass -->
        <test-method signature="feature(cucumber.api.testng.CucumberFeatureWrapper)[pri:0, instance:RunnerFIle@4a7f959b]" started-at="2021-08-26T08:57:14 IST" name="feature" description="Runs Cucumber Feature" data-provider="features" finished-at="2021-08-26T08:57:14 IST" duration-ms="158" status="PASS">
          <params>
            <param index="0">
              <value>
                <![CDATA[File]]>
              </value>
            </param>
          </params>
          <reporter-output>
          </reporter-output>
        </test-method> <!-- feature -->
        <test-method is-config="true" signature="tearDownClass()[pri:0, instance:RunnerFIle@4a7f959b]" started-at="2021-08-26T08:57:14 IST" name="tearDownClass" finished-at="2021-08-26T08:57:14 IST" duration-ms="3" status="PASS">
          <reporter-output>
          </reporter-output>
        </test-method> <!-- tearDownClass -->
      </class> <!-- RunnerFIle -->
    </test> <!-- Default test -->
  </suite> <!-- Default suite -->
</testng-results>
